2024-09-10 12:07:09,853 INFO o.s.b.StartupInfoLogger [main] Starting UserControllerTest using Java 17.0.12 with PID 12356 (started by david in C:\Users\david\Projects\chalpal\backend\chalpal)
2024-09-10 12:07:09,862 DEBUG o.s.b.StartupInfoLogger [main] Running with Spring Boot v3.1.5, Spring v6.0.13
2024-09-10 12:07:09,864 INFO o.s.b.SpringApplication [main] No active profile set, falling back to 1 default profile: "default"
2024-09-10 12:07:12,253 INFO o.s.m.w.MockServletContext [main] Initializing Spring TestDispatcherServlet ''
2024-09-10 12:07:12,253 INFO o.s.w.s.FrameworkServlet [main] Initializing Servlet ''
2024-09-10 12:07:12,265 INFO o.s.w.s.FrameworkServlet [main] Completed initialization in 4 ms
2024-09-10 12:07:12,321 INFO o.s.b.StartupInfoLogger [main] Started UserControllerTest in 2.883 seconds (process running for 4.198)
2024-09-10 12:07:13,118 INFO o.s.t.c.s.AnnotationConfigContextLoaderUtils [main] Could not detect default configuration classes for test class [chalpal.co.uk.chalpal.authentication.UserIntegrationTest]: UserIntegrationTest does not declare any static, non-private, non-final, nested classes annotated with @Configuration.
2024-09-10 12:07:13,133 INFO o.s.b.t.c.SpringBootTestContextBootstrapper [main] Found @SpringBootConfiguration chalpal.co.uk.chalpal.ChalpalApplication for test class chalpal.co.uk.chalpal.authentication.UserIntegrationTest
2024-09-10 12:07:13,304 INFO o.t.u.ImageNameSubstitutor [main] Image name substitution will be performed by: DefaultImageNameSubstitutor (composite of 'ConfigurationFileImageNameSubstitutor' and 'PrefixingImageNameSubstitutor')
2024-09-10 12:07:13,360 INFO o.t.d.DockerClientProviderStrategy [main] Loaded org.testcontainers.dockerclient.NpipeSocketClientProviderStrategy from ~/.testcontainers.properties, will try it first
2024-09-10 12:07:14,875 INFO o.t.d.DockerClientProviderStrategy [main] Found Docker environment with local Npipe socket (npipe:////./pipe/docker_engine)
2024-09-10 12:07:14,882 INFO o.t.DockerClientFactory [main] Docker host IP address is localhost
2024-09-10 12:07:14,955 INFO o.t.DockerClientFactory [main] Connected to docker: 
  Server Version: 27.1.1
  API Version: 1.46
  Operating System: Docker Desktop
  Total Memory: 7807 MB
2024-09-10 12:07:15,235 INFO o.t.c.GenericContainer [main] Creating container for image: testcontainers/ryuk:0.3.4
2024-09-10 12:07:15,980 INFO o.t.c.GenericContainer [main] Container testcontainers/ryuk:0.3.4 is starting: eb923a5ff1fdd84b4610193d80af5ac2b4a36469ac9548d398236abbc9599c7b
2024-09-10 12:07:16,549 INFO o.t.c.GenericContainer [main] Container testcontainers/ryuk:0.3.4 started in PT1.5035988S
2024-09-10 12:07:16,566 INFO o.t.u.RyukResourceReaper [main] Ryuk started - will monitor and terminate Testcontainers containers on JVM exit
2024-09-10 12:07:16,567 INFO o.t.DockerClientFactory [main] Checking the system...
2024-09-10 12:07:16,569 INFO o.t.DockerClientFactory [main] ?? Docker server version should be at least 1.6.0
2024-09-10 12:07:16,572 INFO o.t.c.GenericContainer [main] Creating container for image: postgres:9.6.12
2024-09-10 12:07:16,631 INFO o.t.c.GenericContainer [main] Container postgres:9.6.12 is starting: f1e95abab04367fdc4ac1f56d44d27461835f9920595ad14beba9bab7f4f12c9
2024-09-10 12:07:20,342 INFO o.t.c.GenericContainer [main] Container postgres:9.6.12 started in PT3.7715401S
2024-09-10 12:07:20,431 INFO o.s.b.StartupInfoLogger [main] Starting UserIntegrationTest using Java 17.0.12 with PID 12356 (started by david in C:\Users\david\Projects\chalpal\backend\chalpal)
2024-09-10 12:07:20,434 DEBUG o.s.b.StartupInfoLogger [main] Running with Spring Boot v3.1.5, Spring v6.0.13
2024-09-10 12:07:20,435 INFO o.s.b.SpringApplication [main] No active profile set, falling back to 1 default profile: "default"
2024-09-10 12:07:21,230 INFO o.s.d.r.c.RepositoryConfigurationDelegate [main] Bootstrapping Spring Data JPA repositories in DEFAULT mode.
2024-09-10 12:07:21,328 INFO o.s.d.r.c.RepositoryConfigurationDelegate [main] Finished Spring Data repository scanning in 80 ms. Found 1 JPA repository interfaces.
2024-09-10 12:07:22,194 INFO o.s.b.w.e.t.TomcatWebServer [main] Tomcat initialized with port(s): 0 (http)
2024-09-10 12:07:22,217 INFO o.a.j.l.DirectJDKLog [main] Initializing ProtocolHandler ["http-nio-auto-1"]
2024-09-10 12:07:22,222 INFO o.a.j.l.DirectJDKLog [main] Starting service [Tomcat]
2024-09-10 12:07:22,224 INFO o.a.j.l.DirectJDKLog [main] Starting Servlet engine: [Apache Tomcat/10.1.15]
2024-09-10 12:07:22,506 INFO o.a.j.l.DirectJDKLog [main] Initializing Spring embedded WebApplicationContext
2024-09-10 12:07:22,508 INFO o.s.b.w.s.c.ServletWebServerApplicationContext [main] Root WebApplicationContext: initialization completed in 2064 ms
2024-09-10 12:07:22,856 INFO o.h.j.i.u.LogHelper [main] HHH000204: Processing PersistenceUnitInfo [name: default]
2024-09-10 12:07:23,050 INFO o.h.Version [main] HHH000412: Hibernate ORM core version 6.2.13.Final
2024-09-10 12:07:23,058 INFO o.h.c.Environment [main] HHH000406: Using bytecode reflection optimizer
2024-09-10 12:07:23,496 INFO o.s.o.j.p.SpringPersistenceUnitInfo [main] No LoadTimeWeaver setup: ignoring JPA class transformer
2024-09-10 12:07:23,583 INFO c.z.h.HikariDataSource [main] HikariPool-1 - Starting...
2024-09-10 12:07:23,818 INFO c.z.h.p.HikariPool [main] HikariPool-1 - Added connection org.postgresql.jdbc.PgConnection@6b6c882c
2024-09-10 12:07:23,819 INFO c.z.h.HikariDataSource [main] HikariPool-1 - Start completed.
2024-09-10 12:07:23,861 WARN o.h.d.Dialect [main] HHH000511: The 9.6.0 version for [org.hibernate.dialect.PostgreSQLDialect] is no longer supported, hence certain features may not work properly. The minimum supported version is 10.0.0. Check the community dialects project for available legacy versions.
2024-09-10 12:07:23,876 WARN o.h.e.j.d.i.DialectFactoryImpl [main] HHH90000025: PostgreSQLDialect does not need to be specified explicitly using 'hibernate.dialect' (remove the property setting and it will be selected by default)
2024-09-10 12:07:25,748 INFO o.h.e.t.j.p.i.JtaPlatformInitiator [main] HHH000489: No JTA platform available (set 'hibernate.transaction.jta.platform' to enable JTA platform integration)
2024-09-10 12:07:25,810 WARN o.h.e.j.s.SqlExceptionHelper$StandardWarningHandler [main] SQL Warning Code: 0, SQLState: 00000
2024-09-10 12:07:25,810 WARN o.h.e.j.s.SqlExceptionHelper$StandardWarningHandler [main] table "users" does not exist, skipping
2024-09-10 12:07:25,837 INFO o.s.o.j.AbstractEntityManagerFactoryBean [main] Initialized JPA EntityManagerFactory for persistence unit 'default'
2024-09-10 12:07:26,657 WARN o.s.b.a.o.j.JpaBaseConfiguration$JpaWebConfiguration [main] spring.jpa.open-in-view is enabled by default. Therefore, database queries may be performed during view rendering. Explicitly configure spring.jpa.open-in-view to disable this warning
2024-09-10 12:07:27,011 INFO o.a.j.l.DirectJDKLog [main] Starting ProtocolHandler ["http-nio-auto-1"]
2024-09-10 12:07:27,070 INFO o.s.b.w.e.t.TomcatWebServer [main] Tomcat started on port(s): 35661 (http) with context path ''
2024-09-10 12:07:27,081 INFO o.s.b.StartupInfoLogger [main] Started UserIntegrationTest in 6.738 seconds (process running for 18.96)
2024-09-10 12:07:27,426 INFO c.c.u.c.LoadDatabase [main] Preloaded User{id=1, email=davidgoddard@email.com}
2024-09-10 12:07:27,426 INFO c.c.u.c.LoadDatabase [main] Preloaded User{id=2, email=tpazz@gmail.com}
2024-09-10 12:07:27,433 INFO c.c.u.c.a.UserIntegrationTest [main] ===============================BEFORE EACH===============================
2024-09-10 12:07:27,448 INFO c.c.u.c.a.UserIntegrationTest [main] Total users in DB = 3, Users are: [User{id=1, email=davidgoddard@email.com}, User{id=2, email=tpazz@gmail.com}, User{id=3, email=user@exists.com}]
2024-09-10 12:07:27,637 INFO o.a.j.l.DirectJDKLog [http-nio-auto-1-exec-1] Initializing Spring DispatcherServlet 'dispatcherServlet'
2024-09-10 12:07:27,638 INFO o.s.w.s.FrameworkServlet [http-nio-auto-1-exec-1] Initializing Servlet 'dispatcherServlet'
2024-09-10 12:07:27,640 INFO o.s.w.s.FrameworkServlet [http-nio-auto-1-exec-1] Completed initialization in 2 ms
2024-09-10 12:07:27,664 INFO c.c.u.c.l.LoggingService [http-nio-auto-1-exec-1] log Request: REQUEST  -> [POST] [/users]  requestBody = [UserDTO[id=null, email=user@exists.com]]
2024-09-10 12:07:27,732 ERROR c.c.u.c.l.LoggingService [http-nio-auto-1-exec-1] logResponse: RESPONSE -> [POST] [409] responseBody = [The user with email: user@exists.com already exists.]
2024-09-10 12:07:27,820 INFO c.c.u.c.a.UserIntegrationTest [main] ===============================BEFORE EACH===============================
2024-09-10 12:07:27,862 INFO c.c.u.c.a.UserIntegrationTest [main] Total users in DB = 3, Users are: [User{id=1, email=davidgoddard@email.com}, User{id=2, email=tpazz@gmail.com}, User{id=3, email=user@exists.com}]
2024-09-10 12:07:27,873 INFO c.c.u.c.l.LoggingService [http-nio-auto-1-exec-2] log Request: REQUEST  -> [POST] [/users]  requestBody = [UserDTO[id=null, email=null]]
2024-09-10 12:07:27,875 ERROR c.c.u.c.l.LoggingService [http-nio-auto-1-exec-2] logResponse: RESPONSE -> [POST] [400] responseBody = [The email field cannot be empty!]
2024-09-10 12:07:27,889 INFO c.c.u.c.a.UserIntegrationTest [main] ===============================BEFORE EACH===============================
2024-09-10 12:07:27,902 INFO c.c.u.c.a.UserIntegrationTest [main] Total users in DB = 3, Users are: [User{id=1, email=davidgoddard@email.com}, User{id=2, email=tpazz@gmail.com}, User{id=3, email=user@exists.com}]
2024-09-10 12:07:27,907 INFO c.c.u.c.l.LoggingService [http-nio-auto-1-exec-3] log Request: REQUEST  -> [GET] [/users/random@email.com] 
2024-09-10 12:07:27,920 ERROR c.c.u.c.l.LoggingService [http-nio-auto-1-exec-3] logResponse: RESPONSE -> [GET] [404] responseBody = [The user with email: random@email.com does not exist.]
2024-09-10 12:07:27,929 INFO c.c.u.c.a.UserIntegrationTest [main] ===============================BEFORE EACH===============================
2024-09-10 12:07:27,943 INFO c.c.u.c.a.UserIntegrationTest [main] Total users in DB = 3, Users are: [User{id=1, email=davidgoddard@email.com}, User{id=2, email=tpazz@gmail.com}, User{id=3, email=user@exists.com}]
2024-09-10 12:07:27,966 INFO c.c.u.c.l.LoggingService [http-nio-auto-1-exec-4] log Request: REQUEST  -> [GET] [/users/user@exists.com] 
2024-09-10 12:07:27,976 INFO c.c.u.c.l.LoggingService [http-nio-auto-1-exec-4] logResponse: RESPONSE -> [GET] [200] responseBody = [UserDTO[id=3, email=user@exists.com]]
2024-09-10 12:07:27,990 INFO c.c.u.c.a.UserIntegrationTest [main] ===============================BEFORE EACH===============================
2024-09-10 12:07:28,006 INFO c.c.u.c.a.UserIntegrationTest [main] Total users in DB = 3, Users are: [User{id=1, email=davidgoddard@email.com}, User{id=2, email=tpazz@gmail.com}, User{id=3, email=user@exists.com}]
2024-09-10 12:07:28,009 INFO c.c.u.c.l.LoggingService [http-nio-auto-1-exec-5] log Request: REQUEST  -> [GET] [/users/%20] 
2024-09-10 12:07:28,013 ERROR c.c.u.c.l.LoggingService [http-nio-auto-1-exec-5] logResponse: RESPONSE -> [GET] [400] responseBody = [The email field cannot be empty!]
2024-09-10 12:07:28,019 INFO c.c.u.c.a.UserIntegrationTest [main] ===============================BEFORE EACH===============================
2024-09-10 12:07:28,033 INFO c.c.u.c.a.UserIntegrationTest [main] Total users in DB = 3, Users are: [User{id=1, email=davidgoddard@email.com}, User{id=2, email=tpazz@gmail.com}, User{id=3, email=user@exists.com}]
2024-09-10 12:07:28,040 INFO c.c.u.c.l.LoggingService [http-nio-auto-1-exec-6] log Request: REQUEST  -> [POST] [/users]  requestBody = [UserDTO[id=null, email=an@email.com]]
2024-09-10 12:07:28,050 INFO c.c.u.c.l.LoggingService [http-nio-auto-1-exec-6] logResponse: RESPONSE -> [POST] [201] responseBody = [UserDTO[id=4, email=an@email.com]]
2024-09-10 12:07:28,060 INFO c.c.u.c.a.UserIntegrationTest [main] ===============================BEFORE EACH===============================
2024-09-10 12:07:28,075 INFO c.c.u.c.a.UserIntegrationTest [main] Total users in DB = 4, Users are: [User{id=1, email=davidgoddard@email.com}, User{id=2, email=tpazz@gmail.com}, User{id=3, email=user@exists.com}, User{id=4, email=an@email.com}]
2024-09-10 12:07:28,089 INFO c.c.u.c.l.LoggingService [http-nio-auto-1-exec-7] log Request: REQUEST  -> [POST] [/users]  requestBody = [UserDTO[id=null, email=]]
2024-09-10 12:07:28,093 ERROR c.c.u.c.l.LoggingService [http-nio-auto-1-exec-7] logResponse: RESPONSE -> [POST] [400] responseBody = [The email field cannot be empty!]
2024-09-10 12:07:28,107 INFO o.s.t.c.s.AnnotationConfigContextLoaderUtils [main] Could not detect default configuration classes for test class [chalpal.co.uk.chalpal.authentication.UserRepositoryTest]: UserRepositoryTest does not declare any static, non-private, non-final, nested classes annotated with @Configuration.
2024-09-10 12:07:28,116 INFO o.s.b.t.c.SpringBootTestContextBootstrapper [main] Found @SpringBootConfiguration chalpal.co.uk.chalpal.ChalpalApplication for test class chalpal.co.uk.chalpal.authentication.UserRepositoryTest
2024-09-10 12:07:28,167 INFO o.s.b.StartupInfoLogger [main] Starting UserRepositoryTest using Java 17.0.12 with PID 12356 (started by david in C:\Users\david\Projects\chalpal\backend\chalpal)
2024-09-10 12:07:28,169 DEBUG o.s.b.StartupInfoLogger [main] Running with Spring Boot v3.1.5, Spring v6.0.13
2024-09-10 12:07:28,170 INFO o.s.b.SpringApplication [main] No active profile set, falling back to 1 default profile: "default"
2024-09-10 12:07:28,367 INFO o.s.d.r.c.RepositoryConfigurationDelegate [main] Bootstrapping Spring Data JPA repositories in DEFAULT mode.
2024-09-10 12:07:28,391 INFO o.s.d.r.c.RepositoryConfigurationDelegate [main] Finished Spring Data repository scanning in 22 ms. Found 1 JPA repository interfaces.
2024-09-10 12:07:28,505 INFO o.h.j.i.u.LogHelper [main] HHH000204: Processing PersistenceUnitInfo [name: default]
2024-09-10 12:07:28,520 INFO o.s.o.j.p.SpringPersistenceUnitInfo [main] No LoadTimeWeaver setup: ignoring JPA class transformer
2024-09-10 12:07:28,522 INFO c.z.h.HikariDataSource [main] HikariPool-2 - Starting...
2024-09-10 12:07:28,535 INFO c.z.h.p.HikariPool [main] HikariPool-2 - Added connection org.postgresql.jdbc.PgConnection@3f693a39
2024-09-10 12:07:28,535 INFO c.z.h.HikariDataSource [main] HikariPool-2 - Start completed.
2024-09-10 12:07:28,539 WARN o.h.d.Dialect [main] HHH000511: The 9.6.0 version for [org.hibernate.dialect.PostgreSQLDialect] is no longer supported, hence certain features may not work properly. The minimum supported version is 10.0.0. Check the community dialects project for available legacy versions.
2024-09-10 12:07:28,540 WARN o.h.e.j.d.i.DialectFactoryImpl [main] HHH90000025: PostgreSQLDialect does not need to be specified explicitly using 'hibernate.dialect' (remove the property setting and it will be selected by default)
2024-09-10 12:07:28,588 INFO o.h.e.t.j.p.i.JtaPlatformInitiator [main] HHH000489: No JTA platform available (set 'hibernate.transaction.jta.platform' to enable JTA platform integration)
2024-09-10 12:07:28,597 INFO o.s.o.j.AbstractEntityManagerFactoryBean [main] Initialized JPA EntityManagerFactory for persistence unit 'default'
2024-09-10 12:07:28,625 INFO o.s.b.StartupInfoLogger [main] Started UserRepositoryTest in 0.504 seconds (process running for 20.502)
2024-09-10 12:07:28,679 WARN o.h.e.j.s.SqlExceptionHelper [main] SQL Error: 0, SQLState: 23505
2024-09-10 12:07:28,680 ERROR o.h.e.j.s.SqlExceptionHelper [main] ERROR: duplicate key value violates unique constraint "users_email_key"
  Detail: Key (email)=(an@email.com) already exists.
2024-09-10 12:07:29,018 INFO o.s.t.c.s.AnnotationConfigContextLoaderUtils [main] Could not detect default configuration classes for test class [chalpal.co.uk.chalpal.ChalpalApplicationTests]: ChalpalApplicationTests does not declare any static, non-private, non-final, nested classes annotated with @Configuration.
2024-09-10 12:07:29,039 INFO o.s.b.t.c.SpringBootTestContextBootstrapper [main] Found @SpringBootConfiguration chalpal.co.uk.chalpal.ChalpalApplication for test class chalpal.co.uk.chalpal.ChalpalApplicationTests
2024-09-10 12:07:29,081 INFO o.s.b.StartupInfoLogger [main] Starting ChalpalApplicationTests using Java 17.0.12 with PID 12356 (started by david in C:\Users\david\Projects\chalpal\backend\chalpal)
2024-09-10 12:07:29,082 DEBUG o.s.b.StartupInfoLogger [main] Running with Spring Boot v3.1.5, Spring v6.0.13
2024-09-10 12:07:29,082 INFO o.s.b.SpringApplication [main] No active profile set, falling back to 1 default profile: "default"
2024-09-10 12:07:29,385 INFO o.s.d.r.c.RepositoryConfigurationDelegate [main] Bootstrapping Spring Data JPA repositories in DEFAULT mode.
2024-09-10 12:07:29,404 INFO o.s.d.r.c.RepositoryConfigurationDelegate [main] Finished Spring Data repository scanning in 18 ms. Found 1 JPA repository interfaces.
2024-09-10 12:07:29,524 INFO o.h.j.i.u.LogHelper [main] HHH000204: Processing PersistenceUnitInfo [name: default]
2024-09-10 12:07:29,535 INFO o.s.o.j.p.SpringPersistenceUnitInfo [main] No LoadTimeWeaver setup: ignoring JPA class transformer
2024-09-10 12:07:29,536 INFO c.z.h.HikariDataSource [main] HikariPool-3 - Starting...
2024-09-10 12:07:29,602 INFO c.z.h.p.HikariPool [main] HikariPool-3 - Added connection org.postgresql.jdbc.PgConnection@7668b4ff
2024-09-10 12:07:29,602 INFO c.z.h.HikariDataSource [main] HikariPool-3 - Start completed.
2024-09-10 12:07:29,687 WARN o.h.d.Dialect [main] HHH000511: The 9.6.0 version for [org.hibernate.dialect.PostgreSQLDialect] is no longer supported, hence certain features may not work properly. The minimum supported version is 10.0.0. Check the community dialects project for available legacy versions.
2024-09-10 12:07:29,688 WARN o.h.e.j.d.i.DialectFactoryImpl [main] HHH90000025: PostgreSQLDialect does not need to be specified explicitly using 'hibernate.dialect' (remove the property setting and it will be selected by default)
2024-09-10 12:07:29,727 INFO o.h.e.t.j.p.i.JtaPlatformInitiator [main] HHH000489: No JTA platform available (set 'hibernate.transaction.jta.platform' to enable JTA platform integration)
2024-09-10 12:07:29,735 INFO o.s.o.j.AbstractEntityManagerFactoryBean [main] Initialized JPA EntityManagerFactory for persistence unit 'default'
2024-09-10 12:07:29,810 WARN o.s.b.a.o.j.JpaBaseConfiguration$JpaWebConfiguration [main] spring.jpa.open-in-view is enabled by default. Therefore, database queries may be performed during view rendering. Explicitly configure spring.jpa.open-in-view to disable this warning
2024-09-10 12:07:30,073 INFO o.s.b.StartupInfoLogger [main] Started ChalpalApplicationTests in 1.027 seconds (process running for 21.951)
2024-09-10 12:07:30,092 INFO c.c.u.c.LoadDatabase [main] Preloaded User{id=1, email=davidgoddard@email.com}
2024-09-10 12:07:30,092 INFO c.c.u.c.LoadDatabase [main] Preloaded User{id=2, email=tpazz@gmail.com}
2024-09-10 12:07:30,149 INFO o.s.o.j.AbstractEntityManagerFactoryBean [SpringApplicationShutdownHook] Closing JPA EntityManagerFactory for persistence unit 'default'
2024-09-10 12:07:30,157 INFO c.z.h.HikariDataSource [SpringApplicationShutdownHook] HikariPool-1 - Shutdown initiated...
2024-09-10 12:07:30,161 INFO c.z.h.HikariDataSource [SpringApplicationShutdownHook] HikariPool-1 - Shutdown completed.
2024-09-10 12:07:30,164 INFO o.s.o.j.AbstractEntityManagerFactoryBean [SpringApplicationShutdownHook] Closing JPA EntityManagerFactory for persistence unit 'default'
2024-09-10 12:07:30,168 WARN o.h.e.j.s.SqlExceptionHelper$StandardWarningHandler [SpringApplicationShutdownHook] SQL Warning Code: 0, SQLState: 00000
2024-09-10 12:07:30,168 WARN o.h.e.j.s.SqlExceptionHelper$StandardWarningHandler [SpringApplicationShutdownHook] table "users" does not exist, skipping
2024-09-10 12:07:30,169 INFO c.z.h.HikariDataSource [SpringApplicationShutdownHook] HikariPool-2 - Shutdown initiated...
2024-09-10 12:07:30,173 INFO c.z.h.HikariDataSource [SpringApplicationShutdownHook] HikariPool-2 - Shutdown completed.
2024-09-10 12:07:30,175 INFO o.s.o.j.AbstractEntityManagerFactoryBean [SpringApplicationShutdownHook] Closing JPA EntityManagerFactory for persistence unit 'default'
2024-09-10 12:07:30,177 WARN o.h.e.j.s.SqlExceptionHelper$StandardWarningHandler [SpringApplicationShutdownHook] SQL Warning Code: 0, SQLState: 00000
2024-09-10 12:07:30,177 WARN o.h.e.j.s.SqlExceptionHelper$StandardWarningHandler [SpringApplicationShutdownHook] table "users" does not exist, skipping
2024-09-10 12:07:30,178 INFO c.z.h.HikariDataSource [SpringApplicationShutdownHook] HikariPool-3 - Shutdown initiated...
2024-09-10 12:07:30,181 INFO c.z.h.HikariDataSource [SpringApplicationShutdownHook] HikariPool-3 - Shutdown completed.
